%externals%\binaries\tcltk\tk\win>vs9_build-x64-release.bat

%externals%\binaries\tcltk\tk\win>setlocal

%externals%\binaries\tcltk\tk\win>if not exist "..\..\tcltk64\bin\tk86t.dll" goto build

%externals%\binaries\tcltk\tk\win>nmake /nologo -f makefile.vc RC=rc MACHINE=AMD64 OPTS=msvcrt TCLDIR="..\..\tcl-core-8.6.9" INSTALLDIR="..\..\tcltk64"  all
*** Using ..\..\tcl-core-8.6.9\win\rules.vc
*** Doing msvcrt
*** Building against Tcl at '..\..\tcl-core-8.6.9'
*** Intermediate directory will be 'd:\SDK\C\Linux\TclTk\tk\win\Release_AMD64_VC9\tk_ThreadedDynamic'
*** Output directory will be 'd:\SDK\C\Linux\TclTk\tk\win\Release_AMD64_VC9'
*** Installation, if selected, will be in '..\..\tcltk64'
*** Suffix for binaries will be 't'
*** Compiler version 9. Target AMD64, host AMD64.
*** Dependency rules are not being used.

        cl -nologo -c /D_ATL_XP_TARGETING /DUNICODE /D_UNICODE  -W3 -wd4311 -wd4312 -Fpd:\SDK\C\Linux\TclTk\tk\win\Release_AMD64_VC9\tk_ThreadedDynamic\  -fp:strict -O2 -GS -GL  -DBUILD_ttk -DSTDC_HEADERS=1 -DHAVE_SYS_TYPES_H=1 -DHAVE_SYS_STAT_H=1  -DHAVE_STDLIB_H=1 -DHAVE_STRING_H=1 -DHAVE_MEMORY_H=1  -DHAVE_STRINGS_H=1 -DHAVE_INTTYPES_H=1 -DHAVE_STDINT_H=1  -DSUPPORT_CONFIG_EMBEDDED  -DHAVE_UXTHEME_H=1 -Dinline=__inline -D _CRT_SECURE_NO_DEPRECATE -D _CRT_NONSTDC_NO_DEPRECATE -DTCL_CFGVAL_ENCODING=\"cp1252\" -DSTDC_HEADERS -DTCL_THREADS=1 -DUSE_THREAD_ALLOC=1 -DNDEBUG -DTCL_CFG_OPTIMIZED -DTCL_CFG_DO64BIT -Zl -DSTATIC_BUILD -I"..\..\tcl-core-8.6.9\generic" -I"..\..\tcl-core-8.6.9\win" -I"d:\SDK\C\Linux\TclTk\tk\win\..\win" -I"d:\SDK\C\Linux\TclTk\tk\win\..\generic" -I"d:\SDK\C\Linux\TclTk\tk\win\..\bitmaps" -I"d:\SDK\C\Linux\TclTk\tk\win\..\xlib" -Fod:\SDK\C\Linux\TclTk\tk\win\Release_AMD64_VC9\tk_ThreadedDynamic\tkStubLib.obj d:\SDK\C\Linux\TclTk\tk\win\..\generic\tkStubLib.c
tkStubLib.c
        cl -nologo -c /D_ATL_XP_TARGETING /DUNICODE /D_UNICODE  -W3 -wd4311 -wd4312 -Fpd:\SDK\C\Linux\TclTk\tk\win\Release_AMD64_VC9\tk_ThreadedDynamic\  -fp:strict -O2 -GS -GL -MD -I"..\..\tcl-core-8.6.9\generic" -I"..\..\tcl-core-8.6.9\win" -I"d:\SDK\C\Linux\TclTk\tk\win\..\win" -I"d:\SDK\C\Linux\TclTk\tk\win\..\generic" -I"d:\SDK\C\Linux\TclTk\tk\win\..\bitmaps" -I"d:\SDK\C\Linux\TclTk\tk\win\..\xlib"  -DBUILD_ttk -DSTDC_HEADERS=1 -DHAVE_SYS_TYPES_H=1 -DHAVE_SYS_STAT_H=1  -DHAVE_STDLIB_H=1 -DHAVE_STRING_H=1 -DHAVE_MEMORY_H=1  -DHAVE_STRINGS_H=1 -DHAVE_INTTYPES_H=1 -DHAVE_STDINT_H=1  -DSUPPORT_CONFIG_EMBEDDED  -DHAVE_UXTHEME_H=1 -Dinline=__inline -D _CRT_SECURE_NO_DEPRECATE -D _CRT_NONSTDC_NO_DEPRECATE -DTCL_CFGVAL_ENCODING=\"cp1252\" -DSTDC_HEADERS -DTCL_THREADS=1 -DUSE_THREAD_ALLOC=1 -DNDEBUG -DTCL_CFG_OPTIMIZED -DTCL_CFG_DO64BIT -DUSE_TCL_STUBS -DUSE_TCLOO_STUBS  -DBUILD_tk -Fod:\SDK\C\Linux\TclTk\tk\win\Release_AMD64_VC9\tk_ThreadedDynamic\ @C:\Temp\nmC630.tmp
ttkStubLib.c
        lib -nologo  -ltcg -out:d:\SDK\C\Linux\TclTk\tk\win\Release_AMD64_VC9\tkstub86.lib -nodefaultlib d:\SDK\C\Linux\TclTk\tk\win\Release_AMD64_VC9\tk_ThreadedDynamic\tkStubLib.obj d:\SDK\C\Linux\TclTk\tk\win\Release_AMD64_VC9\tk_ThreadedDynamic\ttkStubLib.obj
        cl -nologo -c /D_ATL_XP_TARGETING /DUNICODE /D_UNICODE  -W3 -wd4311 -wd4312 -Fpd:\SDK\C\Linux\TclTk\tk\win\Release_AMD64_VC9\tk_ThreadedDynamic\  -fp:strict -O2 -GS -GL -MD -I"..\..\tcl-core-8.6.9\generic" -I"..\..\tcl-core-8.6.9\win" -I"d:\SDK\C\Linux\TclTk\tk\win\..\win" -I"d:\SDK\C\Linux\TclTk\tk\win\..\generic" -I"d:\SDK\C\Linux\TclTk\tk\win\..\bitmaps" -I"d:\SDK\C\Linux\TclTk\tk\win\..\xlib"  -DBUILD_ttk -DSTDC_HEADERS=1 -DHAVE_SYS_TYPES_H=1 -DHAVE_SYS_STAT_H=1  -DHAVE_STDLIB_H=1 -DHAVE_STRING_H=1 -DHAVE_MEMORY_H=1  -DHAVE_STRINGS_H=1 -DHAVE_INTTYPES_H=1 -DHAVE_STDINT_H=1  -DSUPPORT_CONFIG_EMBEDDED  -DHAVE_UXTHEME_H=1 -Dinline=__inline -D _CRT_SECURE_NO_DEPRECATE -D _CRT_NONSTDC_NO_DEPRECATE -DTCL_CFGVAL_ENCODING=\"cp1252\" -DSTDC_HEADERS -DTCL_THREADS=1 -DUSE_THREAD_ALLOC=1 -DNDEBUG -DTCL_CFG_OPTIMIZED -DTCL_CFG_DO64BIT  -DTCL_USE_STATIC_PACKAGES=0  -Fod:\SDK\C\Linux\TclTk\tk\win\Release_AMD64_VC9\tk_ThreadedDynamic\winMain.obj d:\SDK\C\Linux\TclTk\tk\win\..\win\winMain.c
winMain.c
        rc -fo d:\SDK\C\Linux\TclTk\tk\win\Release_AMD64_VC9\tk_ThreadedDynamic\wish.res -r -i "d:\SDK\C\Linux\TclTk\tk\win\..\generic" -i "d:\SDK\C\Linux\TclTk\tk\win\Release_AMD64_VC9\tk_ThreadedDynamic"  -I"..\..\tcl-core-8.6.9\generic" -I"..\..\tcl-core-8.6.9\win"  -DDEBUG=0 -d UNCHECKED=0  -DCOMMAVERSION=8,6,0  -DDOTVERSION=\"8.6\"  -DVERSION=\"86\"  -DSUFX=\"t\"  -DPROJECT=\"tk\"  -DPRJLIBNAME=\"tk86t.dll\" d:\SDK\C\Linux\TclTk\tk\win\..\win\rc\wish.rc
Microsoft (R) Windows (R) Resource Compiler Version 6.1.6723.1
Copyright (C) Microsoft Corporation.  All rights reserved.

        cl -nologo -c /D_ATL_XP_TARGETING /DUNICODE /D_UNICODE  -W3 -wd4311 -wd4312 -Fpd:\SDK\C\Linux\TclTk\tk\win\Release_AMD64_VC9\tk_ThreadedDynamic\  -fp:strict -O2 -GS -GL -MD -I"..\..\tcl-core-8.6.9\generic" -I"..\..\tcl-core-8.6.9\win" -I"d:\SDK\C\Linux\TclTk\tk\win\..\win" -I"d:\SDK\C\Linux\TclTk\tk\win\..\generic" -I"d:\SDK\C\Linux\TclTk\tk\win\..\bitmaps" -I"d:\SDK\C\Linux\TclTk\tk\win\..\xlib"  -DBUILD_ttk -DSTDC_HEADERS=1 -DHAVE_SYS_TYPES_H=1 -DHAVE_SYS_STAT_H=1  -DHAVE_STDLIB_H=1 -DHAVE_STRING_H=1 -DHAVE_MEMORY_H=1  -DHAVE_STRINGS_H=1 -DHAVE_INTTYPES_H=1 -DHAVE_STDINT_H=1  -DSUPPORT_CONFIG_EMBEDDED  -DHAVE_UXTHEME_H=1 -Dinline=__inline -D _CRT_SECURE_NO_DEPRECATE -D _CRT_NONSTDC_NO_DEPRECATE -DTCL_CFGVAL_ENCODING=\"cp1252\" -DSTDC_HEADERS -DTCL_THREADS=1 -DUSE_THREAD_ALLOC=1 -DNDEBUG -DTCL_CFG_OPTIMIZED -DTCL_CFG_DO64BIT -DUSE_TCL_STUBS -DUSE_TCLOO_STUBS  -DBUILD_tk -DTK_ASCII_MAIN -Fod:\SDK\C\Linux\TclTk\tk\win\Release_AMD64_VC9\tk_ThreadedDynamic\tkMain2.obj d:\SDK\C\Linux\TclTk\tk\win\..\generic\tkMain.c
tkMain.c
d:\SDK\C\Linux\TclTk\tk\win\..\generic\tkMain.c(522) : warning C4267: 'function' : conversion from 'size_t' to 'int', possible loss of data
        rc -fo d:\SDK\C\Linux\TclTk\tk\win\Release_AMD64_VC9\tk_ThreadedDynamic\tk.res -r -i "d:\SDK\C\Linux\TclTk\tk\win\..\generic" -i "d:\SDK\C\Linux\TclTk\tk\win\Release_AMD64_VC9\tk_ThreadedDynamic"  -I"..\..\tcl-core-8.6.9\generic" -I"..\..\tcl-core-8.6.9\win"  -DDEBUG=0 -d UNCHECKED=0  -DCOMMAVERSION=8,6,0  -DDOTVERSION=\"8.6\"  -DVERSION=\"86\"  -DSUFX=\"t\"  -DPROJECT=\"tk\"  -DPRJLIBNAME=\"tk86t.dll\" d:\SDK\C\Linux\TclTk\tk\win\..\win\rc\tk.rc
Microsoft (R) Windows (R) Resource Compiler Version 6.1.6723.1
Copyright (C) Microsoft Corporation.  All rights reserved.

        cl -nologo -c /D_ATL_XP_TARGETING /DUNICODE /D_UNICODE  -W3 -wd4311 -wd4312 -Fpd:\SDK\C\Linux\TclTk\tk\win\Release_AMD64_VC9\tk_ThreadedDynamic\  -fp:strict -O2 -GS -GL -MD -I"..\..\tcl-core-8.6.9\generic" -I"..\..\tcl-core-8.6.9\win" -I"d:\SDK\C\Linux\TclTk\tk\win\..\win" -I"d:\SDK\C\Linux\TclTk\tk\win\..\generic" -I"d:\SDK\C\Linux\TclTk\tk\win\..\bitmaps" -I"d:\SDK\C\Linux\TclTk\tk\win\..\xlib"  -DBUILD_ttk -DSTDC_HEADERS=1 -DHAVE_SYS_TYPES_H=1 -DHAVE_SYS_STAT_H=1  -DHAVE_STDLIB_H=1 -DHAVE_STRING_H=1 -DHAVE_MEMORY_H=1  -DHAVE_STRINGS_H=1 -DHAVE_INTTYPES_H=1 -DHAVE_STDINT_H=1  -DSUPPORT_CONFIG_EMBEDDED  -DHAVE_UXTHEME_H=1 -Dinline=__inline -D _CRT_SECURE_NO_DEPRECATE -D _CRT_NONSTDC_NO_DEPRECATE -DTCL_CFGVAL_ENCODING=\"cp1252\" -DSTDC_HEADERS -DTCL_THREADS=1 -DUSE_THREAD_ALLOC=1 -DNDEBUG -DTCL_CFG_OPTIMIZED -DTCL_CFG_DO64BIT -DUSE_TCL_STUBS -DUSE_TCLOO_STUBS  -DBUILD_tk -Fod:\SDK\C\Linux\TclTk\tk\win\Release_AMD64_VC9\tk_ThreadedDynamic\ @C:\Temp\nmC920.tmp
tkConsole.c
tk3d.c
tkArgv.c
tkAtom.c
tkBind.c
tkBitmap.c
tkBusy.c
d:\SDK\C\Linux\TclTk\tk\win\..\generic\tkBusy.c(531) : warning C4267: '=' : conversion from 'size_t' to 'int', possible loss of data
tkButton.c
tkCanvArc.c
tkCanvBmap.c
tkCanvImg.c
tkCanvLine.c
tkCanvPoly.c
tkCanvPs.c
tkCanvText.c
d:\SDK\C\Linux\TclTk\tk\win\..\generic\tkCanvText.c(506) : warning C4267: '=' : conversion from 'size_t' to 'int', possible loss of data
d:\SDK\C\Linux\TclTk\tk\win\..\generic\tkCanvText.c(1024) : warning C4244: '=' : conversion from '__int64' to 'int', possible loss of data
d:\SDK\C\Linux\TclTk\tk\win\..\generic\tkCanvText.c(1025) : warning C4267: '=' : conversion from 'size_t' to 'int', possible loss of data
d:\SDK\C\Linux\TclTk\tk\win\..\generic\tkCanvText.c(1107) : warning C4244: '=' : conversion from '__int64' to 'int', possible loss of data
d:\SDK\C\Linux\TclTk\tk\win\..\generic\tkCanvText.c(1109) : warning C4244: '=' : conversion from '__int64' to 'int', possible loss of data
d:\SDK\C\Linux\TclTk\tk\win\..\generic\tkCanvText.c(1500) : warning C4244: '=' : conversion from '__int64' to 'int', possible loss of data
tkCanvUtil.c
d:\SDK\C\Linux\TclTk\tk\win\..\generic\tkCanvUtil.c(878) : warning C4267: '=' : conversion from 'size_t' to 'int', possible loss of data
d:\SDK\C\Linux\TclTk\tk\win\..\generic\tkCanvUtil.c(1523) : warning C4267: '=' : conversion from 'size_t' to 'int', possible loss of data
tkCanvWind.c
tkCanvas.c
d:\SDK\C\Linux\TclTk\tk\win\..\generic\tkCanvas.c(3413) : warning C4267: '=' : conversion from 'size_t' to 'int', possible loss of data
tkClipboard.c
d:\SDK\C\Linux\TclTk\tk\win\..\generic\tkClipboard.c(392) : warning C4267: '=' : conversion from 'size_t' to 'long', possible loss of data
tkCmds.c
Compiling...
tkColor.c
tkConfig.c
tkCursor.c
tkEntry.c
d:\SDK\C\Linux\TclTk\tk\win\..\generic\tkEntry.c(2091) : warning C4267: '+=' : conversion from 'size_t' to 'int', possible loss of data
d:\SDK\C\Linux\TclTk\tk\win\..\generic\tkEntry.c(2160) : warning C4244: '=' : conversion from '__int64' to 'int', possible loss of data
d:\SDK\C\Linux\TclTk\tk\win\..\generic\tkEntry.c(2161) : warning C4244: '=' : conversion from '__int64' to 'int', possible loss of data
d:\SDK\C\Linux\TclTk\tk\win\..\generic\tkEntry.c(2343) : warning C4267: '=' : conversion from 'size_t' to 'int', possible loss of data
d:\SDK\C\Linux\TclTk\tk\win\..\generic\tkEntry.c(2826) : warning C4244: '=' : conversion from '__int64' to 'int', possible loss of data
d:\SDK\C\Linux\TclTk\tk\win\..\generic\tkEntry.c(3456) : warning C4244: 'function' : conversion from '__int64' to 'int', possible loss of data
tkError.c
tkEvent.c
tkFileFilter.c
tkFocus.c
tkFont.c
d:\SDK\C\Linux\TclTk\tk\win\..\generic\tkFont.c(1731) : warning C4244: 'function' : conversion from '__int64' to 'int', possible loss of data
d:\SDK\C\Linux\TclTk\tk\win\..\generic\tkFont.c(1834) : warning C4267: '=' : conversion from 'size_t' to 'int', possible loss of data
d:\SDK\C\Linux\TclTk\tk\win\..\generic\tkFont.c(2048) : warning C4244: 'function' : conversion from '__int64' to 'int', possible loss of data
d:\SDK\C\Linux\TclTk\tk\win\..\generic\tkFont.c(2123) : warning C4244: '=' : conversion from '__int64' to 'int', possible loss of data
d:\SDK\C\Linux\TclTk\tk\win\..\generic\tkFont.c(2317) : warning C4244: 'function' : conversion from '__int64' to 'int', possible loss of data
d:\SDK\C\Linux\TclTk\tk\win\..\generic\tkFont.c(2324) : warning C4244: 'function' : conversion from '__int64' to 'int', possible loss of data
d:\SDK\C\Linux\TclTk\tk\win\..\generic\tkFont.c(2379) : warning C4244: 'function' : conversion from '__int64' to 'int', possible loss of data
d:\SDK\C\Linux\TclTk\tk\win\..\generic\tkFont.c(2389) : warning C4244: 'function' : conversion from '__int64' to 'int', possible loss of data
d:\SDK\C\Linux\TclTk\tk\win\..\generic\tkFont.c(2393) : warning C4244: 'function' : conversion from '__int64' to 'int', possible loss of data
d:\SDK\C\Linux\TclTk\tk\win\..\generic\tkFont.c(2651) : warning C4244: 'return' : conversion from '__int64' to 'int', possible loss of data
d:\SDK\C\Linux\TclTk\tk\win\..\generic\tkFont.c(2729) : warning C4244: 'function' : conversion from '__int64' to 'int', possible loss of data
d:\SDK\C\Linux\TclTk\tk\win\..\generic\tkFont.c(2733) : warning C4244: 'function' : conversion from '__int64' to 'int', possible loss of data
tkFrame.c
tkGC.c
tkGeometry.c
tkGet.c
tkGrab.c
tkGrid.c
tkImage.c
tkImgBmap.c
tkImgGIF.c
d:\SDK\C\Linux\TclTk\tk\win\..\generic\tkImgGIF.c(1410) : warning C4267: 'initializing' : conversion from 'size_t' to 'int', possible loss of data
d:\SDK\C\Linux\TclTk\tk\win\..\generic\tkImgGIF.c(1570) : warning C4267: '-=' : conversion from 'size_t' to 'int', possible loss of data
tkImgPNG.c
tkImgPPM.c
d:\SDK\C\Linux\TclTk\tk\win\..\generic\tkImgPPM.c(386) : warning C4267: '=' : conversion from 'size_t' to 'int', possible loss of data
Compiling...
tkImgPhoto.c
tkImgPhInstance.c
tkImgUtil.c
tkListbox.c
tkMacWinMenu.c
tkMain.c
d:\SDK\C\Linux\TclTk\tk\win\..\generic\tkMain.c(522) : warning C4267: 'function' : conversion from 'size_t' to 'int', possible loss of data
tkMenu.c
tkMenubutton.c
tkMenuDraw.c
tkMessage.c
tkPanedWindow.c
tkObj.c
d:\SDK\C\Linux\TclTk\tk\win\..\generic\tkObj.c(684) : warning C4267: '=' : conversion from 'size_t' to 'int', possible loss of data
tkOldConfig.c
tkOption.c
tkPack.c
tkPlace.c
tkPointer.c
tkRectOval.c
tkScale.c
tkScrollbar.c
Compiling...
tkSelect.c
d:\SDK\C\Linux\TclTk\tk\win\..\generic\tkSelect.c(1353) : warning C4267: '=' : conversion from 'size_t' to 'int', possible loss of data
d:\SDK\C\Linux\TclTk\tk\win\..\generic\tkSelect.c(1411) : warning C4244: '=' : conversion from '__int64' to 'int', possible loss of data
d:\SDK\C\Linux\TclTk\tk\win\..\generic\tkSelect.c(1481) : warning C4267: 'return' : conversion from 'size_t' to 'int', possible loss of data
d:\SDK\C\Linux\TclTk\tk\win\..\generic\tkSelect.c(1521) : warning C4267: '=' : conversion from 'size_t' to 'int', possible loss of data
d:\SDK\C\Linux\TclTk\tk\win\..\generic\tkSelect.c(1534) : warning C4267: '=' : conversion from 'size_t' to 'int', possible loss of data
tkStyle.c
tkText.c
d:\SDK\C\Linux\TclTk\tk\win\..\generic\tkText.c(2682) : warning C4267: '+=' : conversion from 'size_t' to 'int', possible loss of data
d:\SDK\C\Linux\TclTk\tk\win\..\generic\tkText.c(2710) : warning C4267: 'function' : conversion from 'size_t' to 'int', possible loss of data
d:\SDK\C\Linux\TclTk\tk\win\..\generic\tkText.c(2752) : warning C4267: 'return' : conversion from 'size_t' to 'int', possible loss of data
d:\SDK\C\Linux\TclTk\tk\win\..\generic\tkText.c(5766) : warning C4244: '=' : conversion from '__int64' to 'int', possible loss of data
d:\SDK\C\Linux\TclTk\tk\win\..\generic\tkText.c(6070) : warning C4244: '=' : conversion from '__int64' to 'int', possible loss of data
d:\SDK\C\Linux\TclTk\tk\win\..\generic\tkText.c(6084) : warning C4244: '=' : conversion from '__int64' to 'int', possible loss of data
d:\SDK\C\Linux\TclTk\tk\win\..\generic\tkText.c(6095) : warning C4244: '=' : conversion from '__int64' to 'int', possible loss of data
d:\SDK\C\Linux\TclTk\tk\win\..\generic\tkText.c(6117) : warning C4244: '=' : conversion from '__int64' to 'int', possible loss of data
d:\SDK\C\Linux\TclTk\tk\win\..\generic\tkText.c(6123) : warning C4244: '=' : conversion from '__int64' to 'int', possible loss of data
tkTextBTree.c
d:\SDK\C\Linux\TclTk\tk\win\..\generic\tkTextBTree.c(1062) : warning C4244: '=' : conversion from '__int64' to 'int', possible loss of data
tkTextDisp.c
d:\SDK\C\Linux\TclTk\tk\win\..\generic\tkTextDisp.c(1504) : warning C4244: '=' : conversion from '__int64' to 'int', possible loss of data
d:\SDK\C\Linux\TclTk\tk\win\..\generic\tkTextDisp.c(8356) : warning C4244: '=' : conversion from '__int64' to 'int', possible loss of data
d:\SDK\C\Linux\TclTk\tk\win\..\generic\tkTextDisp.c(8360) : warning C4244: '=' : conversion from '__int64' to 'int', possible loss of data
d:\SDK\C\Linux\TclTk\tk\win\..\generic\tkTextDisp.c(8676) : warning C4244: 'function' : conversion from '__int64' to 'int', possible loss of data
d:\SDK\C\Linux\TclTk\tk\win\..\generic\tkTextDisp.c(8696) : warning C4244: 'return' : conversion from '__int64' to 'int', possible loss of data
tkTextImage.c
tkTextIndex.c
d:\SDK\C\Linux\TclTk\tk\win\..\generic\tkTextIndex.c(144) : warning C4267: '=' : conversion from 'size_t' to 'int', possible loss of data
d:\SDK\C\Linux\TclTk\tk\win\..\generic\tkTextIndex.c(441) : warning C4244: '+=' : conversion from '__int64' to 'int', possible loss of data
d:\SDK\C\Linux\TclTk\tk\win\..\generic\tkTextIndex.c(1579) : warning C4244: '+=' : conversion from '__int64' to 'int', possible loss of data
d:\SDK\C\Linux\TclTk\tk\win\..\generic\tkTextIndex.c(2115) : warning C4244: '-=' : conversion from '__int64' to 'int', possible loss of data
d:\SDK\C\Linux\TclTk\tk\win\..\generic\tkTextIndex.c(2355) : warning C4244: '=' : conversion from '__int64' to 'int', possible loss of data
tkTextMark.c
tkTextTag.c
tkTextWind.c
tkTrig.c
tkUndo.c
tkUtil.c
tkVisual.c
tkStubInit.c
tkWindow.c
        cl -nologo -c /D_ATL_XP_TARGETING /DUNICODE /D_UNICODE  -W3 -wd4311 -wd4312 -Fpd:\SDK\C\Linux\TclTk\tk\win\Release_AMD64_VC9\tk_ThreadedDynamic\  -fp:strict -O2 -GS -GL -MD -I"..\..\tcl-core-8.6.9\generic" -I"..\..\tcl-core-8.6.9\win" -I"d:\SDK\C\Linux\TclTk\tk\win\..\win" -I"d:\SDK\C\Linux\TclTk\tk\win\..\generic" -I"d:\SDK\C\Linux\TclTk\tk\win\..\bitmaps" -I"d:\SDK\C\Linux\TclTk\tk\win\..\xlib"  -DBUILD_ttk -DSTDC_HEADERS=1 -DHAVE_SYS_TYPES_H=1 -DHAVE_SYS_STAT_H=1  -DHAVE_STDLIB_H=1 -DHAVE_STRING_H=1 -DHAVE_MEMORY_H=1  -DHAVE_STRINGS_H=1 -DHAVE_INTTYPES_H=1 -DHAVE_STDINT_H=1  -DSUPPORT_CONFIG_EMBEDDED  -DHAVE_UXTHEME_H=1 -Dinline=__inline -D _CRT_SECURE_NO_DEPRECATE -D _CRT_NONSTDC_NO_DEPRECATE -DTCL_CFGVAL_ENCODING=\"cp1252\" -DSTDC_HEADERS -DTCL_THREADS=1 -DUSE_THREAD_ALLOC=1 -DNDEBUG -DTCL_CFG_OPTIMIZED -DTCL_CFG_DO64BIT -DUSE_TCL_STUBS -DUSE_TCLOO_STUBS  -DBUILD_tk -Fod:\SDK\C\Linux\TclTk\tk\win\Release_AMD64_VC9\tk_ThreadedDynamic\ @C:\Temp\nmE8DE.tmp
tkUnixMenubu.c
tkUnixScale.c
        cl -nologo -c /D_ATL_XP_TARGETING /DUNICODE /D_UNICODE  -W3 -wd4311 -wd4312 -Fpd:\SDK\C\Linux\TclTk\tk\win\Release_AMD64_VC9\tk_ThreadedDynamic\  -fp:strict -O2 -GS -GL -MD -I"..\..\tcl-core-8.6.9\generic" -I"..\..\tcl-core-8.6.9\win" -I"d:\SDK\C\Linux\TclTk\tk\win\..\win" -I"d:\SDK\C\Linux\TclTk\tk\win\..\generic" -I"d:\SDK\C\Linux\TclTk\tk\win\..\bitmaps" -I"d:\SDK\C\Linux\TclTk\tk\win\..\xlib"  -DBUILD_ttk -DSTDC_HEADERS=1 -DHAVE_SYS_TYPES_H=1 -DHAVE_SYS_STAT_H=1  -DHAVE_STDLIB_H=1 -DHAVE_STRING_H=1 -DHAVE_MEMORY_H=1  -DHAVE_STRINGS_H=1 -DHAVE_INTTYPES_H=1 -DHAVE_STDINT_H=1  -DSUPPORT_CONFIG_EMBEDDED  -DHAVE_UXTHEME_H=1 -Dinline=__inline -D _CRT_SECURE_NO_DEPRECATE -D _CRT_NONSTDC_NO_DEPRECATE -DTCL_CFGVAL_ENCODING=\"cp1252\" -DSTDC_HEADERS -DTCL_THREADS=1 -DUSE_THREAD_ALLOC=1 -DNDEBUG -DTCL_CFG_OPTIMIZED -DTCL_CFG_DO64BIT -DUSE_TCL_STUBS -DUSE_TCLOO_STUBS  -DBUILD_tk -Fod:\SDK\C\Linux\TclTk\tk\win\Release_AMD64_VC9\tk_ThreadedDynamic\ @C:\Temp\nmE9C9.tmp
xcolors.c
xdraw.c
xgc.c
ximage.c
xutil.c
        cl -nologo -c /D_ATL_XP_TARGETING /DUNICODE /D_UNICODE  -W3 -wd4311 -wd4312 -Fpd:\SDK\C\Linux\TclTk\tk\win\Release_AMD64_VC9\tk_ThreadedDynamic\  -fp:strict -O2 -GS -GL -MD -I"..\..\tcl-core-8.6.9\generic" -I"..\..\tcl-core-8.6.9\win" -I"d:\SDK\C\Linux\TclTk\tk\win\..\win" -I"d:\SDK\C\Linux\TclTk\tk\win\..\generic" -I"d:\SDK\C\Linux\TclTk\tk\win\..\bitmaps" -I"d:\SDK\C\Linux\TclTk\tk\win\..\xlib"  -DBUILD_ttk -DSTDC_HEADERS=1 -DHAVE_SYS_TYPES_H=1 -DHAVE_SYS_STAT_H=1  -DHAVE_STDLIB_H=1 -DHAVE_STRING_H=1 -DHAVE_MEMORY_H=1  -DHAVE_STRINGS_H=1 -DHAVE_INTTYPES_H=1 -DHAVE_STDINT_H=1  -DSUPPORT_CONFIG_EMBEDDED  -DHAVE_UXTHEME_H=1 -Dinline=__inline -D _CRT_SECURE_NO_DEPRECATE -D _CRT_NONSTDC_NO_DEPRECATE -DTCL_CFGVAL_ENCODING=\"cp1252\" -DSTDC_HEADERS -DTCL_THREADS=1 -DUSE_THREAD_ALLOC=1 -DNDEBUG -DTCL_CFG_OPTIMIZED -DTCL_CFG_DO64BIT -DUSE_TCL_STUBS -DUSE_TCLOO_STUBS  -DBUILD_tk -Fod:\SDK\C\Linux\TclTk\tk\win\Release_AMD64_VC9\tk_ThreadedDynamic\ @C:\Temp\nmEB51.tmp
tkWin3d.c
tkWin32Dll.c
tkWinButton.c
d:\SDK\C\Linux\TclTk\tk\win\..\win\tkWinButton.c(150) : warning C4334: '<<' : result of 32-bit shift implicitly converted to 64 bits (was 64-bit shift intended?)
d:\SDK\C\Linux\TclTk\tk\win\..\win\tkWinButton.c(159) : warning C4334: '<<' : result of 32-bit shift implicitly converted to 64 bits (was 64-bit shift intended?)
tkWinClipboard.c
tkWinColor.c
tkWinConfig.c
tkWinCursor.c
tkWinDialog.c
tkWinDraw.c
tkWinEmbed.c
d:\SDK\C\Linux\TclTk\tk\win\..\win\tkWinEmbed.c(163) : warning C4244: 'initializing' : conversion from 'LRESULT' to 'int', possible loss of data
d:\SDK\C\Linux\TclTk\tk\win\..\win\tkWinEmbed.c(286) : warning C4244: '=' : conversion from 'LRESULT' to 'int', possible loss of data
d:\SDK\C\Linux\TclTk\tk\win\..\win\tkWinEmbed.c(549) : warning C4244: 'function' : conversion from 'LPARAM' to 'int', possible loss of data
d:\SDK\C\Linux\TclTk\tk\win\..\win\tkWinEmbed.c(686) : warning C4244: 'function' : conversion from 'WPARAM' to 'int', possible loss of data
d:\SDK\C\Linux\TclTk\tk\win\..\win\tkWinEmbed.c(686) : warning C4244: 'function' : conversion from 'LPARAM' to 'int', possible loss of data
d:\SDK\C\Linux\TclTk\tk\win\..\win\tkWinEmbed.c(705) : warning C4244: 'function' : conversion from 'WPARAM' to 'int', possible loss of data
d:\SDK\C\Linux\TclTk\tk\win\..\win\tkWinEmbed.c(750) : warning C4244: 'function' : conversion from 'WPARAM' to 'int', possible loss of data
tkWinFont.c
d:\SDK\C\Linux\TclTk\tk\win\..\win\tkWinFont.c(979) : warning C4244: 'function' : conversion from '__int64' to 'int', possible loss of data
d:\SDK\C\Linux\TclTk\tk\win\..\win\tkWinFont.c(991) : warning C4244: 'return' : conversion from '__int64' to 'int', possible loss of data
tkWinImage.c
d:\SDK\C\Linux\TclTk\tk\win\..\win\tkWinImage.c(350) : warning C4334: '<<' : result of 32-bit shift implicitly converted to 64 bits (was 64-bit shift intended?)
tkWinInit.c
d:\SDK\C\Linux\TclTk\tk\win\..\win\tkWinInit.c(81) : warning C4244: '=' : conversion from '__int64' to 'int', possible loss of data
tkWinKey.c
tkWinMenu.c
tkWinPixmap.c
tkWinPointer.c
tkWinRegion.c
tkWinScrlbr.c
tkWinSend.c
Compiling...
tkWinSendCom.c
tkWinWindow.c
tkWinWm.c
d:\SDK\C\Linux\TclTk\tk\win\..\win\tkWinWm.c(3783) : warning C4244: 'initializing' : conversion from 'LRESULT' to 'int', possible loss of data
d:\SDK\C\Linux\TclTk\tk\win\..\win\tkWinWm.c(4825) : warning C4244: '=' : conversion from 'LRESULT' to 'int', possible loss of data
d:\SDK\C\Linux\TclTk\tk\win\..\win\tkWinWm.c(5259) : warning C4244: '=' : conversion from '__int64' to 'int', possible loss of data
d:\SDK\C\Linux\TclTk\tk\win\..\win\tkWinWm.c(5262) : warning C4244: '=' : conversion from '__int64' to 'int', possible loss of data
d:\SDK\C\Linux\TclTk\tk\win\..\win\tkWinWm.c(5411) : warning C4244: '=' : conversion from 'LRESULT' to 'int', possible loss of data
d:\SDK\C\Linux\TclTk\tk\win\..\win\tkWinWm.c(7817) : warning C4244: 'initializing' : conversion from 'LRESULT' to 'long', possible loss of data
d:\SDK\C\Linux\TclTk\tk\win\..\win\tkWinWm.c(8620) : warning C4244: 'initializing' : conversion from 'LRESULT' to 'int', possible loss of data
tkWinX.c
d:\SDK\C\Linux\TclTk\tk\win\..\win\tkWinX.c(864) : warning C4244: 'function' : conversion from 'WPARAM' to 'UINT', possible loss of data
d:\SDK\C\Linux\TclTk\tk\win\..\win\tkWinX.c(1182) : warning C4244: '=' : conversion from 'WPARAM' to 'unsigned int', possible loss of data
d:\SDK\C\Linux\TclTk\tk\win\..\win\tkWinX.c(1196) : warning C4244: '=' : conversion from 'WPARAM' to 'unsigned int', possible loss of data
d:\SDK\C\Linux\TclTk\tk\win\..\win\tkWinX.c(1272) : warning C4244: '=' : conversion from 'WPARAM' to 'unsigned int', possible loss of data
stubs.c
ttkWinMonitor.c
ttkWinTheme.c
ttkWinXPTheme.c
TmSchema.h is obsolete. Please include vssym32.h instead.
        cl -nologo -c /D_ATL_XP_TARGETING /DUNICODE /D_UNICODE  -W3 -wd4311 -wd4312 -Fpd:\SDK\C\Linux\TclTk\tk\win\Release_AMD64_VC9\tk_ThreadedDynamic\  -fp:strict -O2 -GS -GL -MD -I"..\..\tcl-core-8.6.9\generic" -I"..\..\tcl-core-8.6.9\win" -I"d:\SDK\C\Linux\TclTk\tk\win\..\win" -I"d:\SDK\C\Linux\TclTk\tk\win\..\generic" -I"d:\SDK\C\Linux\TclTk\tk\win\..\bitmaps" -I"d:\SDK\C\Linux\TclTk\tk\win\..\xlib"  -DBUILD_ttk -DSTDC_HEADERS=1 -DHAVE_SYS_TYPES_H=1 -DHAVE_SYS_STAT_H=1  -DHAVE_STDLIB_H=1 -DHAVE_STRING_H=1 -DHAVE_MEMORY_H=1  -DHAVE_STRINGS_H=1 -DHAVE_INTTYPES_H=1 -DHAVE_STDINT_H=1  -DSUPPORT_CONFIG_EMBEDDED  -DHAVE_UXTHEME_H=1 -Dinline=__inline -D _CRT_SECURE_NO_DEPRECATE -D _CRT_NONSTDC_NO_DEPRECATE -DTCL_CFGVAL_ENCODING=\"cp1252\" -DSTDC_HEADERS -DTCL_THREADS=1 -DUSE_THREAD_ALLOC=1 -DNDEBUG -DTCL_CFG_OPTIMIZED -DTCL_CFG_DO64BIT -DUSE_TCL_STUBS -DUSE_TCLOO_STUBS  -DBUILD_tk -Fod:\SDK\C\Linux\TclTk\tk\win\Release_AMD64_VC9\tk_ThreadedDynamic\ @C:\Temp\nmFDE0.tmp
ttkBlink.c
ttkButton.c
ttkCache.c
ttkClamTheme.c
ttkClassicTheme.c
ttkDefaultTheme.c
ttkElements.c
ttkEntry.c
d:\SDK\C\Linux\TclTk\tk\win\..\generic\ttk\ttkEntry.c(359) : warning C4267: 'return' : conversion from 'size_t' to 'int', possible loss of data
d:\SDK\C\Linux\TclTk\tk\win\..\generic\ttk\ttkEntry.c(427) : warning C4244: 'function' : conversion from '__int64' to 'int', possible loss of data
d:\SDK\C\Linux\TclTk\tk\win\..\generic\ttk\ttkEntry.c(466) : warning C4244: '=' : conversion from '__int64' to 'int', possible loss of data
d:\SDK\C\Linux\TclTk\tk\win\..\generic\ttk\ttkEntry.c(469) : warning C4244: '=' : conversion from '__int64' to 'int', possible loss of data
d:\SDK\C\Linux\TclTk\tk\win\..\generic\ttk\ttkEntry.c(710) : warning C4267: 'function' : conversion from 'size_t' to 'int', possible loss of data
d:\SDK\C\Linux\TclTk\tk\win\..\generic\ttk\ttkEntry.c(730) : warning C4267: '=' : conversion from 'size_t' to 'int', possible loss of data
d:\SDK\C\Linux\TclTk\tk\win\..\generic\ttk\ttkEntry.c(817) : warning C4267: 'function' : conversion from 'size_t' to 'int', possible loss of data
ttkFrame.c
ttkImage.c
ttkInit.c
ttkLabel.c
ttkLayout.c
d:\SDK\C\Linux\TclTk\tk\win\..\generic\ttk\ttkLayout.c(508) : warning C4244: 'function' : conversion from '__int64' to 'int', possible loss of data
ttkManager.c
ttkNotebook.c
ttkPanedwindow.c
ttkProgress.c
ttkScale.c
ttkScrollbar.c
ttkScroll.c
Compiling...
ttkSeparator.c
ttkSquare.c
ttkState.c
d:\SDK\C\Linux\TclTk\tk\win\..\generic\ttk\ttkState.c(150) : warning C4267: 'function' : conversion from 'size_t' to 'unsigned int', possible loss of data
d:\SDK\C\Linux\TclTk\tk\win\..\generic\ttk\ttkState.c(151) : warning C4267: '=' : conversion from 'size_t' to 'int', possible loss of data
ttkTagSet.c
ttkTheme.c
ttkTrace.c
ttkTrack.c
ttkTreeview.c
d:\SDK\C\Linux\TclTk\tk\win\..\generic\ttk\ttkTreeview.c(2511) : warning C4244: '=' : conversion from '__int64' to 'int', possible loss of data
ttkWidget.c
ttkStubInit.c
        link -nologo -machine:AMD64  -ltcg -release -opt:ref -opt:icf,3 -dll -out:d:\SDK\C\Linux\TclTk\tk\win\Release_AMD64_VC9\tk86t.dll kernel32.lib advapi32.lib netapi32.lib gdi32.lib user32.lib userenv.lib "..\..\tcl-core-8.6.9\win\Release_AMD64_VC9\tclstub86.lib" "..\..\tcl-core-8.6.9\win\Release_AMD64_VC9\tcl86t.lib"  @C:\Temp\nm563.tmp
   Creating library d:\SDK\C\Linux\TclTk\tk\win\Release_AMD64_VC9\tk86t.lib and object d:\SDK\C\Linux\TclTk\tk\win\Release_AMD64_VC9\tk86t.exp
Generating code
Finished generating code
        if exist d:\SDK\C\Linux\TclTk\tk\win\Release_AMD64_VC9\tk86t.dll.manifest mt -nologo -manifest d:\SDK\C\Linux\TclTk\tk\win\Release_AMD64_VC9\tk86t.dll.manifest -outputresource:d:\SDK\C\Linux\TclTk\tk\win\Release_AMD64_VC9\tk86t.dll;2
        link -nologo -machine:AMD64  -ltcg -release -opt:ref -opt:icf,3 -subsystem:windows -out:d:\SDK\C\Linux\TclTk\tk\win\Release_AMD64_VC9\wish86t.exe kernel32.lib advapi32.lib netapi32.lib gdi32.lib user32.lib userenv.lib "..\..\tcl-core-8.6.9\win\Release_AMD64_VC9\tclstub86.lib" "..\..\tcl-core-8.6.9\win\Release_AMD64_VC9\tcl86t.lib"  -stack:2300000 d:\SDK\C\Linux\TclTk\tk\win\Release_AMD64_VC9\tk_ThreadedDynamic\winMain.obj d:\SDK\C\Linux\TclTk\tk\win\Release_AMD64_VC9\tk_ThreadedDynamic\wish.res d:\SDK\C\Linux\TclTk\tk\win\Release_AMD64_VC9\tkstub86.lib d:\SDK\C\Linux\TclTk\tk\win\Release_AMD64_VC9\tk86t.lib
Generating code
Finished generating code
        if exist d:\SDK\C\Linux\TclTk\tk\win\Release_AMD64_VC9\wish86t.exe.manifest mt -nologo -manifest d:\SDK\C\Linux\TclTk\tk\win\Release_AMD64_VC9\wish86t.exe.manifest -outputresource:d:\SDK\C\Linux\TclTk\tk\win\Release_AMD64_VC9\wish86t.exe;1
        cl -nologo -c /D_ATL_XP_TARGETING /DUNICODE /D_UNICODE  -W3 -wd4311 -wd4312 -Fpd:\SDK\C\Linux\TclTk\tk\win\Release_AMD64_VC9\tk_ThreadedDynamic\  -fp:strict -O2 -GS -GL -MD -D_CRT_NONSTDC_NO_DEPRECATE -DCONSOLE -Fod:\SDK\C\Linux\TclTk\tk\win\Release_AMD64_VC9\tk_ThreadedDynamic\ ..\..\tcl-core-8.6.9\win\cat.c
cat.c
..\..\tcl-core-8.6.9\win\cat.c(38) : warning C4267: 'function' : conversion from 'size_t' to 'unsigned int', possible loss of data
        link -nologo -machine:AMD64  -ltcg -release -opt:ref -opt:icf,3 -subsystem:console -out:"d:\SDK\C\Linux\TclTk\tk\win\Release_AMD64_VC9\cat32.exe" kernel32.lib advapi32.lib netapi32.lib gdi32.lib user32.lib userenv.lib "..\..\tcl-core-8.6.9\win\Release_AMD64_VC9\tclstub86.lib" "..\..\tcl-core-8.6.9\win\Release_AMD64_VC9\tcl86t.lib"  -DCONSOLE -stack:16384 d:\SDK\C\Linux\TclTk\tk\win\Release_AMD64_VC9\tk_ThreadedDynamic\cat.obj
LINK : warning LNK4044: unrecognized option '/DCONSOLE'; ignored
Generating code
Finished generating code
        if exist "d:\SDK\C\Linux\TclTk\tk\win\Release_AMD64_VC9\cat32.exe".manifest mt -nologo -manifest "d:\SDK\C\Linux\TclTk\tk\win\Release_AMD64_VC9\cat32.exe".manifest -outputresource:"d:\SDK\C\Linux\TclTk\tk\win\Release_AMD64_VC9\cat32.exe";1

%externals%\binaries\tcltk\tk\win>nmake /nologo -f makefile.vc RC=rc MACHINE=AMD64 OPTS=msvcrt TCLDIR="..\..\tcl-core-8.6.9" INSTALLDIR="..\..\tcltk64"  install-binaries install-libraries
*** Using ..\..\tcl-core-8.6.9\win\rules.vc
*** Doing msvcrt
*** Building against Tcl at '..\..\tcl-core-8.6.9'
*** Intermediate directory will be 'd:\SDK\C\Linux\TclTk\tk\win\Release_AMD64_VC9\tk_ThreadedDynamic'
*** Output directory will be 'd:\SDK\C\Linux\TclTk\tk\win\Release_AMD64_VC9'
*** Installation, if selected, will be in '..\..\tcltk64'
*** Suffix for binaries will be 't'
*** Compiler version 9. Target AMD64, host AMD64.
*** Dependency rules are not being used.

installing binaries
creating package index
installing Tk headers
installing script library
installing theme library
installing images
installing language files
installing demos

%externals%\binaries\tcltk\tk\win>