%externals%\binaries\tcltk\tix-8.4.3.6\win>vs9_build-x64-release.bat

%externals%\binaries\tcltk\tix-8.4.3.6\win>setlocal

%externals%\binaries\tcltk\tix-8.4.3.6\win>if not exist "..\..\tcltk64\lib\tix8.4.3\tix84.dll" goto build

%externals%\binaries\tcltk\tix-8.4.3.6\win>nmake /nologo -f makefile.vc MACHINE=AMD64 DEBUG=0 NODEBUG=1 TCL_MAJOR=8 TCL_MINOR=6 TCL_PATCH=9 BUILDDIRTOP="Release_AMD64_VC9" TCL_DIR="..\..\tcl-core-8.6.9" TK_DIR="..\..\tk-8.6.9" INSTALL_DIR="..\..\tcltk64" all install
A subdirectory or file ..\..\tcltk64\lib\tix8.4.3 already exists.
installing Release_AMD64_VC9\tix84.dll
        1 file(s) copied.
installing Release_AMD64_VC9\tix84.lib
        1 file(s) copied.
installing library files
A subdirectory or file ..\..\tcltk64\lib\tix8.4.3 already exists.
A subdirectory or file ..\..\tcltk64\lib\tix8.4.3\pref already exists.
A subdirectory or file ..\..\tcltk64\lib\tix8.4.3\bitmaps already exists.
A subdirectory or file ..\..\tcltk64\lib\tix8.4.3\demos already exists.
A subdirectory or file ..\..\tcltk64\lib\tix8.4.3\demos\bitmaps already exists.
A subdirectory or file ..\..\tcltk64\lib\tix8.4.3\demos\samples already exists.
        xcopy /y "..\library"          "..\..\tcltk64\lib\tix8.4.3"
..\library\Balloon.tcl
..\library\BtnBox.tcl
..\library\ChkList.tcl
..\library\CObjView.tcl
..\library\ComboBox.tcl
..\library\Compat.tcl
..\library\Console.tcl
..\library\Control.tcl
..\library\DefSchm.tcl
..\library\DialogS.tcl
..\library\DirBox.tcl
..\library\DirDlg.tcl
..\library\DirList.tcl
..\library\DirTree.tcl
..\library\DragDrop.tcl
..\library\DtlList.tcl
..\library\EFileBox.tcl
..\library\EFileDlg.tcl
..\library\Event.tcl
..\library\FileBox.tcl
..\library\FileCbx.tcl
..\library\FileDlg.tcl
..\library\FileEnt.tcl
..\library\FloatEnt.tcl
..\library\fs.tcl
..\library\Grid.tcl
..\library\HList.tcl
..\library\HListDD.tcl
..\library\IconView.tcl
..\library\Init.tcl
..\library\LabEntry.tcl
..\library\LabFrame.tcl
..\library\LabWidg.tcl
..\library\ListNBk.tcl
..\library\Makefile
..\library\Meter.tcl
..\library\MultView.tcl
..\library\NoteBook.tcl
..\library\OldUtil.tcl
..\library\OptMenu.tcl
..\library\PanedWin.tcl
..\library\PopMenu.tcl
..\library\Primitiv.tcl
..\library\ResizeH.tcl
..\library\Select.tcl
..\library\SGrid.tcl
..\library\Shell.tcl
..\library\SHList.tcl
..\library\SimpDlg.tcl
..\library\SListBox.tcl
..\library\StackWin.tcl
..\library\StatBar.tcl
..\library\StdBBox.tcl
..\library\StdShell.tcl
..\library\SText.tcl
..\library\STList.tcl
..\library\SWidget.tcl
..\library\SWindow.tcl
..\library\Tix.tcl
..\library\TList.tcl
..\library\Tree.tcl
..\library\Utils.tcl
..\library\Variable.tcl
..\library\VResize.tcl
..\library\VStack.tcl
..\library\VTree.tcl
..\library\WInfo.tcl
67 File(s) copied
        copy /y "Release_AMD64_VC9\pkgIndex.tcl.src"            "..\..\tcltk64\lib\tix8.4.3\pkgIndex.tcl"
        1 file(s) copied.
        xcopy /y "..\library\pref"     "..\..\tcltk64\lib\tix8.4.3\pref"
..\library\pref\10Point.fs
..\library\pref\10Point.fsc
..\library\pref\12Point.fs
..\library\pref\12Point.fsc
..\library\pref\14Point.fs
..\library\pref\14Point.fsc
..\library\pref\Bisque.cs
..\library\pref\Bisque.csc
..\library\pref\Blue.cs
..\library\pref\Blue.csc
..\library\pref\Gray.cs
..\library\pref\Gray.csc
..\library\pref\Makefile
..\library\pref\Old12Pt.fs
..\library\pref\Old14Pt.fs
..\library\pref\pkgIndex.tcl
..\library\pref\SGIGray.cs
..\library\pref\SGIGray.csc
..\library\pref\TixGray.cs
..\library\pref\TixGray.csc
..\library\pref\tixmkpref
..\library\pref\TK.cs
..\library\pref\TK.csc
..\library\pref\TK.fs
..\library\pref\TK.fsc
..\library\pref\TkWin.cs
..\library\pref\TkWin.csc
..\library\pref\TkWin.fs
..\library\pref\TkWin.fsc
..\library\pref\WmDefault.cs
..\library\pref\WmDefault.csc
..\library\pref\WmDefault.fs
..\library\pref\WmDefault.fsc
..\library\pref\WmDefault.py
..\library\pref\WmDefault.tcl
..\library\pref\WmDefault.txt
36 File(s) copied
        xcopy /y "..\library\bitmaps"  "..\..\tcltk64\lib\tix8.4.3\bitmaps"
..\library\bitmaps\act_fold.gif
..\library\bitmaps\act_fold.xbm
..\library\bitmaps\act_fold.xpm
..\library\bitmaps\balarrow.xbm
..\library\bitmaps\cbxarrow.xbm
..\library\bitmaps\ck_def.xbm
..\library\bitmaps\ck_off.xbm
..\library\bitmaps\ck_on.xbm
..\library\bitmaps\cross.xbm
..\library\bitmaps\decr.xbm
..\library\bitmaps\drop.xbm
..\library\bitmaps\file.gif
..\library\bitmaps\file.xbm
..\library\bitmaps\file.xpm
..\library\bitmaps\folder.gif
..\library\bitmaps\folder.xbm
..\library\bitmaps\folder.xpm
..\library\bitmaps\harddisk.xbm
..\library\bitmaps\hourglas.mask
..\library\bitmaps\hourglas.xbm
..\library\bitmaps\incr.xbm
..\library\bitmaps\info.gif
..\library\bitmaps\info.xpm
..\library\bitmaps\maximize.xbm
..\library\bitmaps\minimize.xbm
..\library\bitmaps\minus.gif
..\library\bitmaps\minus.xbm
..\library\bitmaps\minus.xpm
..\library\bitmaps\minusarm.gif
..\library\bitmaps\minusarm.xbm
..\library\bitmaps\minusarm.xpm
..\library\bitmaps\mktransgif.tcl
..\library\bitmaps\network.xbm
..\library\bitmaps\no_entry.gif
..\library\bitmaps\no_entry.xpm
..\library\bitmaps\openfile.xbm
..\library\bitmaps\openfold.gif
..\library\bitmaps\openfold.xbm
..\library\bitmaps\openfold.xpm
..\library\bitmaps\plus.gif
..\library\bitmaps\plus.xbm
..\library\bitmaps\plus.xpm
..\library\bitmaps\plusarm.gif
..\library\bitmaps\plusarm.xbm
..\library\bitmaps\plusarm.xpm
..\library\bitmaps\resize1.xbm
..\library\bitmaps\resize2.xbm
..\library\bitmaps\restore.xbm
..\library\bitmaps\srcfile.gif
..\library\bitmaps\srcfile.xbm
..\library\bitmaps\srcfile.xpm
..\library\bitmaps\system.xbm
..\library\bitmaps\textfile.gif
..\library\bitmaps\textfile.xbm
..\library\bitmaps\textfile.xpm
..\library\bitmaps\tick.xbm
..\library\bitmaps\warning.gif
..\library\bitmaps\warning.xpm
58 File(s) copied
        xcopy /y "..\demos"            "..\..\tcltk64\lib\tix8.4.3\demos"
..\demos\MkChoose.tcl
..\demos\MkDirLis.tcl
..\demos\MkSample.tcl
..\demos\MkScroll.tcl
..\demos\tclIndex
..\demos\tixwidgets.tcl
..\demos\widget
7 File(s) copied
        xcopy /y "..\demos\samples"    "..\..\tcltk64\lib\tix8.4.3\demos\samples"
..\demos\samples\AllSampl.tcl
..\demos\samples\ArrowBtn.tcl
..\demos\samples\Balloon.tcl
..\demos\samples\BtnBox.tcl
..\demos\samples\ChkList.tcl
..\demos\samples\CmpImg.tcl
..\demos\samples\CmpImg1.tcl
..\demos\samples\CmpImg2.tcl
..\demos\samples\CmpImg3.tcl
..\demos\samples\CmpImg4.tcl
..\demos\samples\CObjView.tcl
..\demos\samples\ComboBox.tcl
..\demos\samples\Control.tcl
..\demos\samples\DirDlg.tcl
..\demos\samples\DirList.tcl
..\demos\samples\DirTree.tcl
..\demos\samples\DragDrop.tcl
..\demos\samples\DynTree.tcl
..\demos\samples\EditGrid.tcl
..\demos\samples\EFileDlg.tcl
..\demos\samples\FileDlg.tcl
..\demos\samples\FileEnt.tcl
..\demos\samples\HList1.tcl
..\demos\samples\LabEntry.tcl
..\demos\samples\LabFrame.tcl
..\demos\samples\ListNBK.tcl
..\demos\samples\Meter.tcl
..\demos\samples\NoteBook.tcl
..\demos\samples\OptMenu.tcl
..\demos\samples\PanedWin.tcl
..\demos\samples\PopMenu.tcl
..\demos\samples\Sample.tcl
..\demos\samples\Select.tcl
..\demos\samples\SGrid0.tcl
..\demos\samples\SGrid1.tcl
..\demos\samples\SHList.tcl
..\demos\samples\SHList2.tcl
..\demos\samples\SListBox.tcl
..\demos\samples\StdBBox.tcl
..\demos\samples\SText.tcl
..\demos\samples\STList1.tcl
..\demos\samples\STList2.tcl
..\demos\samples\STList3.tcl
..\demos\samples\SWindow.tcl
..\demos\samples\Tree.tcl
..\demos\samples\Xpm.tcl
..\demos\samples\Xpm1.tcl
47 File(s) copied
        xcopy /y "..\demos\bitmaps"    "..\..\tcltk64\lib\tix8.4.3\demos\bitmaps"
..\demos\bitmaps\about.xpm
..\demos\bitmaps\bold.xbm
..\demos\bitmaps\capital.xbm
..\demos\bitmaps\centerj.xbm
..\demos\bitmaps\code.xpm
..\demos\bitmaps\combobox.xbm
..\demos\bitmaps\combobox.xpm
..\demos\bitmaps\drivea.xbm
..\demos\bitmaps\drivea.xpm
..\demos\bitmaps\exit.xpm
..\demos\bitmaps\filebox.xbm
..\demos\bitmaps\filebox.xpm
..\demos\bitmaps\harddisk.xbm
..\demos\bitmaps\harddisk.xpm
..\demos\bitmaps\italic.xbm
..\demos\bitmaps\justify.xbm
..\demos\bitmaps\leftj.xbm
..\demos\bitmaps\netw.xbm
..\demos\bitmaps\netw.xpm
..\demos\bitmaps\network.xbm
..\demos\bitmaps\network.xpm
..\demos\bitmaps\optmenu.xpm
..\demos\bitmaps\rightj.xbm
..\demos\bitmaps\select.xpm
..\demos\bitmaps\tix.gif
..\demos\bitmaps\underlin.xbm
26 File(s) copied

%externals%\binaries\tcltk\tix-8.4.3.6\win>